Arguments: 
  C:\Program Files\nodejs\node.exe C:\Users\MD YOUSUF SHEIKH\AppData\Roaming\npm\node_modules\yarn\bin\yarn.js install

PATH: 
  C:\Users\MD YOUSUF SHEIKH\bin;C:\Program Files\Git\mingw64\bin;C:\Program Files\Git\usr\local\bin;C:\Program Files\Git\usr\bin;C:\Program Files\Git\usr\bin;C:\Program Files\Git\mingw64\bin;C:\Program Files\Git\usr\bin;C:\Users\MD YOUSUF SHEIKH\bin;C:\Program Files\Common Files\Oracle\Java\javapath;C:\Python310\Scripts;C:\Python310;C:\WINDOWS\system32;C:\WINDOWS;C:\WINDOWS\System32\Wbem;C:\WINDOWS\System32\WindowsPowerShell\v1.0;C:\WINDOWS\System32\OpenSSH;C:\Program Files\Git\cmd;C:\ProgramData\chocolatey\bin;C:\MinGW\bin;C:\momgos\mongosh-1.6.0-win32-x64\bin;C:\Program Files\nodejs;C:\Program Files\Java\jdk-19\bin;C:\Users\MD YOUSUF SHEIKH\AppData\Local\Microsoft\WindowsApps;C:\Users\MD YOUSUF SHEIKH\AppData\Local\Programs\Microsoft VS Code\bin;C:\Users\MD YOUSUF SHEIKH\AppData\Local\Android\Sdk\platform-tools;C:\tools\gradle-7.5.1\bin;C:\Users\MD YOUSUF SHEIKH\AppData\Roaming\npm;C:\Program Files\Git\usr\bin\vendor_perl;C:\Program Files\Git\usr\bin\core_perl

Yarn version: 
  1.22.19

Node version: 
  16.18.0

Platform: 
  win32 x64

Trace: 
  Error: getaddrinfo ENOTFOUND registry.yarnpkg.com
      at GetAddrInfoReqWrap.onlookup [as oncomplete] (node:dns:109:26)

npm manifest: 
  {
    "name": "random-api",
    "version": "1.0.0",
    "description": "",
    "main": "index.js",
    "scripts": {
      "test": "echo \"Error: no test specified\" && exit 1",
      "start": "node index.js",
      "start-dev": "nodemon index.js"
    },
    "keywords": [],
    "author": "",
    "license": "ISC",
    "dependencies": {
      "cors": "^2.8.5",
      "express": "^4.18.2",
      "nodemon": "^2.0.20"
    }
  }

yarn manifest: 
  No manifest

Lockfile: 
  No lockfile
